#
# There is insufficient memory for the Java Runtime Environment to continue.
# Native memory allocation (malloc) failed to allocate 452256 bytes for Chunk::new
# Possible reasons:
#   The system is out of physical RAM or swap space
#   The process is running with CompressedOops enabled, and the Java Heap may be blocking the growth of the native heap
# Possible solutions:
#   Reduce memory load on the system
#   Increase physical memory or swap space
#   Check if swap backing store is full
#   Decrease Java heap size (-Xmx/-Xms)
#   Decrease number of Java threads
#   Decrease Java thread stack sizes (-Xss)
#   Set larger code cache with -XX:ReservedCodeCacheSize=
#   JVM is running with Unscaled Compressed Oops mode in which the Java heap is
#     placed in the first 4GB address space. The Java Heap base address is the
#     maximum limit for the native heap growth. Please use -XX:HeapBaseMinAddress
#     to set the Java Heap base and to place the Java Heap above 4GB virtual address.
# This output file may be truncated or incomplete.
#
#  Out of Memory Error (arena.cpp:184), pid=8532, tid=9512
#
# JRE version: Java(TM) SE Runtime Environment (19.0.2+7) (build 19.0.2+7-44)
# Java VM: Java HotSpot(TM) 64-Bit Server VM (19.0.2+7-44, mixed mode, sharing, tiered, compressed oops, compressed class ptrs, g1 gc, windows-amd64)
# No core dump will be written. Minidumps are not enabled by default on client versions of Windows
#

---------------  S U M M A R Y ------------

Command Line: -Dfile.encoding=UTF-8 --module-path=C:\Users\Emae D. Calonia\Documents\NetBeansProjects\LoginAndSignUp\build\classes loginandsignup.LoginAndSignUp

Host: 11th Gen Intel(R) Core(TM) i5-1155G7 @ 2.50GHz, 8 cores, 7G,  Windows 11 , 64 bit Build 22621 (10.0.22621.3374)
Time: Mon Apr  1 01:00:11 2024 Malay Peninsula Standard Time elapsed time: 0.596733 seconds (0d 0h 0m 0s)

---------------  T H R E A D  ---------------

Current thread (0x000002393b5bebc0):  JavaThread "C2 CompilerThread0" daemon [_thread_in_native, id=9512, stack(0x000000879e600000,0x000000879e700000)]


Current CompileTask:
C2:    596  594 % !   4       sun.awt.image.ImageRepresentation::getOpaqueRGBImage @ 54 (164 bytes)

Stack: [0x000000879e600000,0x000000879e700000]
Native frames: (J=compiled Java code, j=interpreted, Vv=VM code, C=native code)
V  [jvm.dll+0x6ee21a]
V  [jvm.dll+0x85765e]
V  [jvm.dll+0x85904e]
V  [jvm.dll+0x859703]
V  [jvm.dll+0x28298f]
V  [jvm.dll+0xc9adf]
V  [jvm.dll+0xc9e65]
V  [jvm.dll+0x2f7caf]
V  [jvm.dll+0x5f076b]
V  [jvm.dll+0x255483]
V  [jvm.dll+0x24de26]
V  [jvm.dll+0x24b673]
V  [jvm.dll+0x1d6ce1]
V  [jvm.dll+0x25b25a]
V  [jvm.dll+0x2596e8]
V  [jvm.dll+0x807588]
V  [jvm.dll+0x80125a]
V  [jvm.dll+0x6ecf0b]
C  [ucrtbase.dll+0x29333]
C  [KERNEL32.DLL+0x1257d]
C  [ntdll.dll+0x5aa48]


---------------  P R O C E S S  ---------------

Threads class SMR info:
_java_thread_list=0x00000239439718b0, length=18, elements={
0x000002391d8a9370, 0x000002393b5b4660, 0x000002393b5b6300, 0x000002393b5b9a30,
0x000002393b5ba650, 0x000002393b5bd080, 0x000002393b5bdaa0, 0x000002393b5bebc0,
0x000002393b5c4540, 0x000002393b5c4e90, 0x000002393df90ba0, 0x000002393e0a5710,
0x000002393e2bf340, 0x000002393e2e2350, 0x000002393e2e29c0, 0x000002393e30ea90,
0x000002394390a4d0, 0x0000023943ba3ad0
}

Java Threads: ( => current thread )
  0x000002391d8a9370 JavaThread "main" [_thread_in_vm, id=16324, stack(0x000000879d900000,0x000000879da00000)]
  0x000002393b5b4660 JavaThread "Reference Handler" daemon [_thread_blocked, id=17256, stack(0x000000879e000000,0x000000879e100000)]
  0x000002393b5b6300 JavaThread "Finalizer" daemon [_thread_blocked, id=15344, stack(0x000000879e100000,0x000000879e200000)]
  0x000002393b5b9a30 JavaThread "Signal Dispatcher" daemon [_thread_blocked, id=4312, stack(0x000000879e200000,0x000000879e300000)]
  0x000002393b5ba650 JavaThread "Attach Listener" daemon [_thread_blocked, id=16900, stack(0x000000879e300000,0x000000879e400000)]
  0x000002393b5bd080 JavaThread "Service Thread" daemon [_thread_blocked, id=15796, stack(0x000000879e400000,0x000000879e500000)]
  0x000002393b5bdaa0 JavaThread "Monitor Deflation Thread" daemon [_thread_blocked, id=6516, stack(0x000000879e500000,0x000000879e600000)]
=>0x000002393b5bebc0 JavaThread "C2 CompilerThread0" daemon [_thread_in_native, id=9512, stack(0x000000879e600000,0x000000879e700000)]
  0x000002393b5c4540 JavaThread "C1 CompilerThread0" daemon [_thread_blocked, id=9016, stack(0x000000879e700000,0x000000879e800000)]
  0x000002393b5c4e90 JavaThread "Sweeper thread" daemon [_thread_blocked, id=3060, stack(0x000000879e800000,0x000000879e900000)]
  0x000002393df90ba0 JavaThread "Common-Cleaner" daemon [_thread_blocked, id=5724, stack(0x000000879e900000,0x000000879ea00000)]
  0x000002393e0a5710 JavaThread "Notification Thread" daemon [_thread_blocked, id=15756, stack(0x000000879ea00000,0x000000879eb00000)]
  0x000002393e2bf340 JavaThread "Java2D Disposer" daemon [_thread_blocked, id=6248, stack(0x000000879ec00000,0x000000879ed00000)]
  0x000002393e2e2350 JavaThread "AWT-Shutdown" [_thread_blocked, id=10788, stack(0x000000879ed00000,0x000000879ee00000)]
  0x000002393e2e29c0 JavaThread "AWT-Windows" daemon [_thread_in_native, id=16780, stack(0x000000879ee00000,0x000000879ef00000)]
  0x000002393e30ea90 JavaThread "Image Fetcher 0" daemon [_thread_blocked, id=2136, stack(0x000000879ef00000,0x000000879f000000)]
  0x000002394390a4d0 JavaThread "AWT-EventQueue-0" [_thread_blocked, id=9884, stack(0x000000879f000000,0x000000879f100000)]
  0x0000023943ba3ad0 JavaThread "C2 CompilerThread1" daemon [_thread_blocked, id=11048, stack(0x000000879f100000,0x000000879f200000)]

Other Threads:
  0x000002393b5a0570 VMThread "VM Thread" [stack: 0x000000879df00000,0x000000879e000000] [id=11652]
  0x000002393e0f8470 WatcherThread "VM Periodic Task Thread" [stack: 0x000000879eb00000,0x000000879ec00000] [id=16404]
  0x000002391d8deba0 WorkerThread "GC Thread#0" [stack: 0x000000879da00000,0x000000879db00000] [id=15544]
  0x000002393b43b1b0 ConcurrentGCThread "G1 Main Marker" [stack: 0x000000879db00000,0x000000879dc00000] [id=9004]
  0x000002393b43bbe0 WorkerThread "G1 Conc#0" [stack: 0x000000879dc00000,0x000000879dd00000] [id=5092]
  0x000002393b4d3630 ConcurrentGCThread "G1 Refine#0" [stack: 0x000000879dd00000,0x000000879de00000] [id=15440]
  0x000002393b4d4170 ConcurrentGCThread "G1 Service" [stack: 0x000000879de00000,0x000000879df00000] [id=4508]

Threads with active compile tasks:
C2 CompilerThread0      644  594 % !   4       sun.awt.image.ImageRepresentation::getOpaqueRGBImage @ 54 (164 bytes)

VM state: not at safepoint (normal execution)

VM Mutex/Monitor currently owned by a thread:  ([mutex/lock_event])
[0x000002391d728600] Metaspace_lock - owner thread: 0x000002391d8a9370

Heap address: 0x0000000083600000, size: 1994 MB, Compressed Oops mode: 32-bit

CDS archive(s) mapped at: [0x0000000800000000-0x0000000800c40000-0x0000000800c40000), size 12845056, SharedBaseAddress: 0x0000000800000000, ArchiveRelocationMode: 0.
Compressed class space mapped at: 0x0000000801000000-0x0000000841000000, reserved size: 1073741824
Narrow klass base: 0x0000000800000000, Narrow klass shift: 0, Narrow klass range: 0x100000000

GC Precious Log:
 CardTable entry size: 512
 Card Set container configuration: InlinePtr #cards 5 size 8 Array Of Cards #cards 12 size 40 Howl #buckets 4 coarsen threshold 1843 Howl Bitmap #cards 512 size 80 coarsen threshold 460 Card regions per heap region 1 cards per card region 2048
 CPUs: 8 total, 8 available
 Memory: 7975M
 Large Page Support: Disabled
 NUMA Support: Disabled
 Compressed Oops: Enabled (32-bit)
 Heap Region Size: 1M
 Heap Min Capacity: 8M
 Heap Initial Capacity: 126M
 Heap Max Capacity: 1994M
 Pre-touch: Disabled
 Parallel Workers: 8
 Concurrent Workers: 2
 Concurrent Refinement Workers: 8
 Periodic GC: Disabled

Heap:
 garbage-first heap   total 129024K, used 8192K [0x0000000083600000, 0x0000000100000000)
  region size 1024K, 8 young (8192K), 0 survivors (0K)
 Metaspace       used 6906K, committed 7104K, reserved 1114112K
  class space    used 772K, committed 896K, reserved 1048576K

Heap Regions: E=young(eden), S=young(survivor), O=old, HS=humongous(starts), HC=humongous(continues), CS=collection set, F=free, OA=open archive, CA=closed archive, TAMS=top-at-mark-start (previous, next)
|   0|0x0000000083600000, 0x0000000083700000, 0x0000000083700000|100%|HS|  |TAMS 0x0000000083600000, 0x0000000083600000| Complete 
|   1|0x0000000083700000, 0x0000000083700000, 0x0000000083800000|  0%| F|  |TAMS 0x0000000083700000, 0x0000000083700000| Untracked 
|   2|0x0000000083800000, 0x0000000083800000, 0x0000000083900000|  0%| F|  |TAMS 0x0000000083800000, 0x0000000083800000| Untracked 
|   3|0x0000000083900000, 0x0000000083900000, 0x0000000083a00000|  0%| F|  |TAMS 0x0000000083900000, 0x0000000083900000| Untracked 
|   4|0x0000000083a00000, 0x0000000083a00000, 0x0000000083b00000|  0%| F|  |TAMS 0x0000000083a00000, 0x0000000083a00000| Untracked 
|   5|0x0000000083b00000, 0x0000000083b00000, 0x0000000083c00000|  0%| F|  |TAMS 0x0000000083b00000, 0x0000000083b00000| Untracked 
|   6|0x0000000083c00000, 0x0000000083c00000, 0x0000000083d00000|  0%| F|  |TAMS 0x0000000083c00000, 0x0000000083c00000| Untracked 
|   7|0x0000000083d00000, 0x0000000083d00000, 0x0000000083e00000|  0%| F|  |TAMS 0x0000000083d00000, 0x0000000083d00000| Untracked 
|   8|0x0000000083e00000, 0x0000000083e00000, 0x0000000083f00000|  0%| F|  |TAMS 0x0000000083e00000, 0x0000000083e00000| Untracked 
|   9|0x0000000083f00000, 0x0000000083f00000, 0x0000000084000000|  0%| F|  |TAMS 0x0000000083f00000, 0x0000000083f00000| Untracked 
|  10|0x0000000084000000, 0x0000000084000000, 0x0000000084100000|  0%| F|  |TAMS 0x0000000084000000, 0x0000000084000000| Untracked 
|  11|0x0000000084100000, 0x0000000084100000, 0x0000000084200000|  0%| F|  |TAMS 0x0000000084100000, 0x0000000084100000| Untracked 
|  12|0x0000000084200000, 0x0000000084200000, 0x0000000084300000|  0%| F|  |TAMS 0x0000000084200000, 0x0000000084200000| Untracked 
|  13|0x0000000084300000, 0x0000000084300000, 0x0000000084400000|  0%| F|  |TAMS 0x0000000084300000, 0x0000000084300000| Untracked 
|  14|0x0000000084400000, 0x0000000084400000, 0x0000000084500000|  0%| F|  |TAMS 0x0000000084400000, 0x0000000084400000| Untracked 
|  15|0x0000000084500000, 0x0000000084500000, 0x0000000084600000|  0%| F|  |TAMS 0x0000000084500000, 0x0000000084500000| Untracked 
|  16|0x0000000084600000, 0x0000000084600000, 0x0000000084700000|  0%| F|  |TAMS 0x0000000084600000, 0x0000000084600000| Untracked 
|  17|0x0000000084700000, 0x0000000084700000, 0x0000000084800000|  0%| F|  |TAMS 0x0000000084700000, 0x0000000084700000| Untracked 
|  18|0x0000000084800000, 0x0000000084800000, 0x0000000084900000|  0%| F|  |TAMS 0x0000000084800000, 0x0000000084800000| Untracked 
|  19|0x0000000084900000, 0x0000000084900000, 0x0000000084a00000|  0%| F|  |TAMS 0x0000000084900000, 0x0000000084900000| Untracked 
|  20|0x0000000084a00000, 0x0000000084a00000, 0x0000000084b00000|  0%| F|  |TAMS 0x0000000084a00000, 0x0000000084a00000| Untracked 
|  21|0x0000000084b00000, 0x0000000084b00000, 0x0000000084c00000|  0%| F|  |TAMS 0x0000000084b00000, 0x0000000084b00000| Untracked 
|  22|0x0000000084c00000, 0x0000000084c00000, 0x0000000084d00000|  0%| F|  |TAMS 0x0000000084c00000, 0x0000000084c00000| Untracked 
|  23|0x0000000084d00000, 0x0000000084d00000, 0x0000000084e00000|  0%| F|  |TAMS 0x0000000084d00000, 0x0000000084d00000| Untracked 
|  24|0x0000000084e00000, 0x0000000084e00000, 0x0000000084f00000|  0%| F|  |TAMS 0x0000000084e00000, 0x0000000084e00000| Untracked 
|  25|0x0000000084f00000, 0x0000000084f00000, 0x0000000085000000|  0%| F|  |TAMS 0x0000000084f00000, 0x0000000084f00000| Untracked 
|  26|0x0000000085000000, 0x0000000085000000, 0x0000000085100000|  0%| F|  |TAMS 0x0000000085000000, 0x0000000085000000| Untracked 
|  27|0x0000000085100000, 0x0000000085100000, 0x0000000085200000|  0%| F|  |TAMS 0x0000000085100000, 0x0000000085100000| Untracked 
|  28|0x0000000085200000, 0x0000000085200000, 0x0000000085300000|  0%| F|  |TAMS 0x0000000085200000, 0x0000000085200000| Untracked 
|  29|0x0000000085300000, 0x0000000085300000, 0x0000000085400000|  0%| F|  |TAMS 0x0000000085300000, 0x0000000085300000| Untracked 
|  30|0x0000000085400000, 0x0000000085400000, 0x0000000085500000|  0%| F|  |TAMS 0x0000000085400000, 0x0000000085400000| Untracked 
|  31|0x0000000085500000, 0x0000000085500000, 0x0000000085600000|  0%| F|  |TAMS 0x0000000085500000, 0x0000000085500000| Untracked 
|  32|0x0000000085600000, 0x0000000085600000, 0x0000000085700000|  0%| F|  |TAMS 0x0000000085600000, 0x0000000085600000| Untracked 
|  33|0x0000000085700000, 0x0000000085700000, 0x0000000085800000|  0%| F|  |TAMS 0x0000000085700000, 0x0000000085700000| Untracked 
|  34|0x0000000085800000, 0x0000000085800000, 0x0000000085900000|  0%| F|  |TAMS 0x0000000085800000, 0x0000000085800000| Untracked 
|  35|0x0000000085900000, 0x0000000085900000, 0x0000000085a00000|  0%| F|  |TAMS 0x0000000085900000, 0x0000000085900000| Untracked 
|  36|0x0000000085a00000, 0x0000000085a00000, 0x0000000085b00000|  0%| F|  |TAMS 0x0000000085a00000, 0x0000000085a00000| Untracked 
|  37|0x0000000085b00000, 0x0000000085b00000, 0x0000000085c00000|  0%| F|  |TAMS 0x0000000085b00000, 0x0000000085b00000| Untracked 
|  38|0x0000000085c00000, 0x0000000085c00000, 0x0000000085d00000|  0%| F|  |TAMS 0x0000000085c00000, 0x0000000085c00000| Untracked 
|  39|0x0000000085d00000, 0x0000000085d00000, 0x0000000085e00000|  0%| F|  |TAMS 0x0000000085d00000, 0x0000000085d00000| Untracked 
|  40|0x0000000085e00000, 0x0000000085e00000, 0x0000000085f00000|  0%| F|  |TAMS 0x0000000085e00000, 0x0000000085e00000| Untracked 
|  41|0x0000000085f00000, 0x0000000085f00000, 0x0000000086000000|  0%| F|  |TAMS 0x0000000085f00000, 0x0000000085f00000| Untracked 
|  42|0x0000000086000000, 0x0000000086000000, 0x0000000086100000|  0%| F|  |TAMS 0x0000000086000000, 0x0000000086000000| Untracked 
|  43|0x0000000086100000, 0x0000000086100000, 0x0000000086200000|  0%| F|  |TAMS 0x0000000086100000, 0x0000000086100000| Untracked 
|  44|0x0000000086200000, 0x0000000086200000, 0x0000000086300000|  0%| F|  |TAMS 0x0000000086200000, 0x0000000086200000| Untracked 
|  45|0x0000000086300000, 0x0000000086300000, 0x0000000086400000|  0%| F|  |TAMS 0x0000000086300000, 0x0000000086300000| Untracked 
|  46|0x0000000086400000, 0x0000000086400000, 0x0000000086500000|  0%| F|  |TAMS 0x0000000086400000, 0x0000000086400000| Untracked 
|  47|0x0000000086500000, 0x0000000086500000, 0x0000000086600000|  0%| F|  |TAMS 0x0000000086500000, 0x0000000086500000| Untracked 
|  48|0x0000000086600000, 0x0000000086600000, 0x0000000086700000|  0%| F|  |TAMS 0x0000000086600000, 0x0000000086600000| Untracked 
|  49|0x0000000086700000, 0x0000000086700000, 0x0000000086800000|  0%| F|  |TAMS 0x0000000086700000, 0x0000000086700000| Untracked 
|  50|0x0000000086800000, 0x0000000086800000, 0x0000000086900000|  0%| F|  |TAMS 0x0000000086800000, 0x0000000086800000| Untracked 
|  51|0x0000000086900000, 0x0000000086900000, 0x0000000086a00000|  0%| F|  |TAMS 0x0000000086900000, 0x0000000086900000| Untracked 
|  52|0x0000000086a00000, 0x0000000086a00000, 0x0000000086b00000|  0%| F|  |TAMS 0x0000000086a00000, 0x0000000086a00000| Untracked 
|  53|0x0000000086b00000, 0x0000000086b00000, 0x0000000086c00000|  0%| F|  |TAMS 0x0000000086b00000, 0x0000000086b00000| Untracked 
|  54|0x0000000086c00000, 0x0000000086c00000, 0x0000000086d00000|  0%| F|  |TAMS 0x0000000086c00000, 0x0000000086c00000| Untracked 
|  55|0x0000000086d00000, 0x0000000086d00000, 0x0000000086e00000|  0%| F|  |TAMS 0x0000000086d00000, 0x0000000086d00000| Untracked 
|  56|0x0000000086e00000, 0x0000000086e00000, 0x0000000086f00000|  0%| F|  |TAMS 0x0000000086e00000, 0x0000000086e00000| Untracked 
|  57|0x0000000086f00000, 0x0000000086f00000, 0x0000000087000000|  0%| F|  |TAMS 0x0000000086f00000, 0x0000000086f00000| Untracked 
|  58|0x0000000087000000, 0x0000000087000000, 0x0000000087100000|  0%| F|  |TAMS 0x0000000087000000, 0x0000000087000000| Untracked 
|  59|0x0000000087100000, 0x0000000087100000, 0x0000000087200000|  0%| F|  |TAMS 0x0000000087100000, 0x0000000087100000| Untracked 
|  60|0x0000000087200000, 0x0000000087200000, 0x0000000087300000|  0%| F|  |TAMS 0x0000000087200000, 0x0000000087200000| Untracked 
|  61|0x0000000087300000, 0x0000000087300000, 0x0000000087400000|  0%| F|  |TAMS 0x0000000087300000, 0x0000000087300000| Untracked 
|  62|0x0000000087400000, 0x0000000087400000, 0x0000000087500000|  0%| F|  |TAMS 0x0000000087400000, 0x0000000087400000| Untracked 
|  63|0x0000000087500000, 0x0000000087500000, 0x0000000087600000|  0%| F|  |TAMS 0x0000000087500000, 0x0000000087500000| Untracked 
|  64|0x0000000087600000, 0x0000000087600000, 0x0000000087700000|  0%| F|  |TAMS 0x0000000087600000, 0x0000000087600000| Untracked 
|  65|0x0000000087700000, 0x0000000087700000, 0x0000000087800000|  0%| F|  |TAMS 0x0000000087700000, 0x0000000087700000| Untracked 
|  66|0x0000000087800000, 0x0000000087800000, 0x0000000087900000|  0%| F|  |TAMS 0x0000000087800000, 0x0000000087800000| Untracked 
|  67|0x0000000087900000, 0x0000000087900000, 0x0000000087a00000|  0%| F|  |TAMS 0x0000000087900000, 0x0000000087900000| Untracked 
|  68|0x0000000087a00000, 0x0000000087a00000, 0x0000000087b00000|  0%| F|  |TAMS 0x0000000087a00000, 0x0000000087a00000| Untracked 
|  69|0x0000000087b00000, 0x0000000087b00000, 0x0000000087c00000|  0%| F|  |TAMS 0x0000000087b00000, 0x0000000087b00000| Untracked 
|  70|0x0000000087c00000, 0x0000000087c00000, 0x0000000087d00000|  0%| F|  |TAMS 0x0000000087c00000, 0x0000000087c00000| Untracked 
|  71|0x0000000087d00000, 0x0000000087d00000, 0x0000000087e00000|  0%| F|  |TAMS 0x0000000087d00000, 0x0000000087d00000| Untracked 
|  72|0x0000000087e00000, 0x0000000087e00000, 0x0000000087f00000|  0%| F|  |TAMS 0x0000000087e00000, 0x0000000087e00000| Untracked 
|  73|0x0000000087f00000, 0x0000000087f00000, 0x0000000088000000|  0%| F|  |TAMS 0x0000000087f00000, 0x0000000087f00000| Untracked 
|  74|0x0000000088000000, 0x0000000088000000, 0x0000000088100000|  0%| F|  |TAMS 0x0000000088000000, 0x0000000088000000| Untracked 
|  75|0x0000000088100000, 0x0000000088100000, 0x0000000088200000|  0%| F|  |TAMS 0x0000000088100000, 0x0000000088100000| Untracked 
|  76|0x0000000088200000, 0x0000000088200000, 0x0000000088300000|  0%| F|  |TAMS 0x0000000088200000, 0x0000000088200000| Untracked 
|  77|0x0000000088300000, 0x0000000088300000, 0x0000000088400000|  0%| F|  |TAMS 0x0000000088300000, 0x0000000088300000| Untracked 
|  78|0x0000000088400000, 0x0000000088400000, 0x0000000088500000|  0%| F|  |TAMS 0x0000000088400000, 0x0000000088400000| Untracked 
|  79|0x0000000088500000, 0x0000000088500000, 0x0000000088600000|  0%| F|  |TAMS 0x0000000088500000, 0x0000000088500000| Untracked 
|  80|0x0000000088600000, 0x0000000088600000, 0x0000000088700000|  0%| F|  |TAMS 0x0000000088600000, 0x0000000088600000| Untracked 
|  81|0x0000000088700000, 0x0000000088700000, 0x0000000088800000|  0%| F|  |TAMS 0x0000000088700000, 0x0000000088700000| Untracked 
|  82|0x0000000088800000, 0x0000000088800000, 0x0000000088900000|  0%| F|  |TAMS 0x0000000088800000, 0x0000000088800000| Untracked 
|  83|0x0000000088900000, 0x0000000088900000, 0x0000000088a00000|  0%| F|  |TAMS 0x0000000088900000, 0x0000000088900000| Untracked 
|  84|0x0000000088a00000, 0x0000000088a00000, 0x0000000088b00000|  0%| F|  |TAMS 0x0000000088a00000, 0x0000000088a00000| Untracked 
|  85|0x0000000088b00000, 0x0000000088b00000, 0x0000000088c00000|  0%| F|  |TAMS 0x0000000088b00000, 0x0000000088b00000| Untracked 
|  86|0x0000000088c00000, 0x0000000088c00000, 0x0000000088d00000|  0%| F|  |TAMS 0x0000000088c00000, 0x0000000088c00000| Untracked 
|  87|0x0000000088d00000, 0x0000000088d00000, 0x0000000088e00000|  0%| F|  |TAMS 0x0000000088d00000, 0x0000000088d00000| Untracked 
|  88|0x0000000088e00000, 0x0000000088e00000, 0x0000000088f00000|  0%| F|  |TAMS 0x0000000088e00000, 0x0000000088e00000| Untracked 
|  89|0x0000000088f00000, 0x0000000088f00000, 0x0000000089000000|  0%| F|  |TAMS 0x0000000088f00000, 0x0000000088f00000| Untracked 
|  90|0x0000000089000000, 0x0000000089000000, 0x0000000089100000|  0%| F|  |TAMS 0x0000000089000000, 0x0000000089000000| Untracked 
|  91|0x0000000089100000, 0x0000000089100000, 0x0000000089200000|  0%| F|  |TAMS 0x0000000089100000, 0x0000000089100000| Untracked 
|  92|0x0000000089200000, 0x0000000089200000, 0x0000000089300000|  0%| F|  |TAMS 0x0000000089200000, 0x0000000089200000| Untracked 
|  93|0x0000000089300000, 0x0000000089300000, 0x0000000089400000|  0%| F|  |TAMS 0x0000000089300000, 0x0000000089300000| Untracked 
|  94|0x0000000089400000, 0x0000000089400000, 0x0000000089500000|  0%| F|  |TAMS 0x0000000089400000, 0x0000000089400000| Untracked 
|  95|0x0000000089500000, 0x0000000089500000, 0x0000000089600000|  0%| F|  |TAMS 0x0000000089500000, 0x0000000089500000| Untracked 
|  96|0x0000000089600000, 0x0000000089600000, 0x0000000089700000|  0%| F|  |TAMS 0x0000000089600000, 0x0000000089600000| Untracked 
|  97|0x0000000089700000, 0x0000000089700000, 0x0000000089800000|  0%| F|  |TAMS 0x0000000089700000, 0x0000000089700000| Untracked 
|  98|0x0000000089800000, 0x0000000089800000, 0x0000000089900000|  0%| F|  |TAMS 0x0000000089800000, 0x0000000089800000| Untracked 
|  99|0x0000000089900000, 0x0000000089900000, 0x0000000089a00000|  0%| F|  |TAMS 0x0000000089900000, 0x0000000089900000| Untracked 
| 100|0x0000000089a00000, 0x0000000089a00000, 0x0000000089b00000|  0%| F|  |TAMS 0x0000000089a00000, 0x0000000089a00000| Untracked 
| 101|0x0000000089b00000, 0x0000000089b00000, 0x0000000089c00000|  0%| F|  |TAMS 0x0000000089b00000, 0x0000000089b00000| Untracked 
| 102|0x0000000089c00000, 0x0000000089c00000, 0x0000000089d00000|  0%| F|  |TAMS 0x0000000089c00000, 0x0000000089c00000| Untracked 
| 103|0x0000000089d00000, 0x0000000089d00000, 0x0000000089e00000|  0%| F|  |TAMS 0x0000000089d00000, 0x0000000089d00000| Untracked 
| 104|0x0000000089e00000, 0x0000000089e00000, 0x0000000089f00000|  0%| F|  |TAMS 0x0000000089e00000, 0x0000000089e00000| Untracked 
| 105|0x0000000089f00000, 0x0000000089f00000, 0x000000008a000000|  0%| F|  |TAMS 0x0000000089f00000, 0x0000000089f00000| Untracked 
| 106|0x000000008a000000, 0x000000008a000000, 0x000000008a100000|  0%| F|  |TAMS 0x000000008a000000, 0x000000008a000000| Untracked 
| 107|0x000000008a100000, 0x000000008a100000, 0x000000008a200000|  0%| F|  |TAMS 0x000000008a100000, 0x000000008a100000| Untracked 
| 108|0x000000008a200000, 0x000000008a200000, 0x000000008a300000|  0%| F|  |TAMS 0x000000008a200000, 0x000000008a200000| Untracked 
| 109|0x000000008a300000, 0x000000008a300000, 0x000000008a400000|  0%| F|  |TAMS 0x000000008a300000, 0x000000008a300000| Untracked 
| 110|0x000000008a400000, 0x000000008a400000, 0x000000008a500000|  0%| F|  |TAMS 0x000000008a400000, 0x000000008a400000| Untracked 
| 111|0x000000008a500000, 0x000000008a500000, 0x000000008a600000|  0%| F|  |TAMS 0x000000008a500000, 0x000000008a500000| Untracked 
| 112|0x000000008a600000, 0x000000008a600000, 0x000000008a700000|  0%| F|  |TAMS 0x000000008a600000, 0x000000008a600000| Untracked 
| 113|0x000000008a700000, 0x000000008a700000, 0x000000008a800000|  0%| F|  |TAMS 0x000000008a700000, 0x000000008a700000| Untracked 
| 114|0x000000008a800000, 0x000000008a800000, 0x000000008a900000|  0%| F|  |TAMS 0x000000008a800000, 0x000000008a800000| Untracked 
| 115|0x000000008a900000, 0x000000008a900000, 0x000000008aa00000|  0%| F|  |TAMS 0x000000008a900000, 0x000000008a900000| Untracked 
| 116|0x000000008aa00000, 0x000000008aa00000, 0x000000008ab00000|  0%| F|  |TAMS 0x000000008aa00000, 0x000000008aa00000| Untracked 
| 117|0x000000008ab00000, 0x000000008ab00000, 0x000000008ac00000|  0%| F|  |TAMS 0x000000008ab00000, 0x000000008ab00000| Untracked 
| 118|0x000000008ac00000, 0x000000008ac76440, 0x000000008ad00000| 46%| E|  |TAMS 0x000000008ac00000, 0x000000008ac00000| Complete 
| 119|0x000000008ad00000, 0x000000008ae00000, 0x000000008ae00000|100%| E|CS|TAMS 0x000000008ad00000, 0x000000008ad00000| Complete 
| 120|0x000000008ae00000, 0x000000008af00000, 0x000000008af00000|100%| E|CS|TAMS 0x000000008ae00000, 0x000000008ae00000| Complete 
| 121|0x000000008af00000, 0x000000008b000000, 0x000000008b000000|100%| E|CS|TAMS 0x000000008af00000, 0x000000008af00000| Complete 
| 122|0x000000008b000000, 0x000000008b100000, 0x000000008b100000|100%| E|CS|TAMS 0x000000008b000000, 0x000000008b000000| Complete 
| 123|0x000000008b100000, 0x000000008b200000, 0x000000008b200000|100%| E|CS|TAMS 0x000000008b100000, 0x000000008b100000| Complete 
| 124|0x000000008b200000, 0x000000008b300000, 0x000000008b300000|100%| E|CS|TAMS 0x000000008b200000, 0x000000008b200000| Complete 
| 125|0x000000008b300000, 0x000000008b400000, 0x000000008b400000|100%| E|CS|TAMS 0x000000008b300000, 0x000000008b300000| Complete 

Card table byte_map: [0x0000023936dc0000,0x00000239371b0000] _byte_map_base: 0x00000239369a5000

Marking Bits (Prev, Next): (CMBitMap*) 0x000002393b42a230, (CMBitMap*) 0x000002393b42a270
 Prev Bits: [0x00000239375a0000, 0x00000239394c8000)
 Next Bits: [0x00000239394d0000, 0x000002393b3f8000)

Polling page: 0x000002391d690000

Metaspace:

Usage:
  Non-class:      5.99 MB used.
      Class:    772.52 KB used.
       Both:      6.74 MB used.

Virtual space:
  Non-class space:       64.00 MB reserved,       6.06 MB (  9%) committed,  1 nodes.
      Class space:        1.00 GB reserved,     896.00 KB ( <1%) committed,  1 nodes.
             Both:        1.06 GB reserved,       6.94 MB ( <1%) committed. 

Chunk freelists:
   Non-Class:  1023.00 KB
       Class:  3.12 MB
        Both:  4.12 MB

MaxMetaspaceSize: unlimited
CompressedClassSpaceSize: 1.00 GB
Initial GC threshold: 21.00 MB
Current GC threshold: 21.00 MB
CDS: on
MetaspaceReclaimPolicy: balanced
 - commit_granule_bytes: 65536.
 - commit_granule_words: 8192.
 - virtual_space_node_default_size: 8388608.
 - enlarge_chunks_in_place: 1.
 - new_chunks_are_fully_committed: 0.
 - uncommit_free_chunks: 1.
 - use_allocation_guard: 0.


Internal statistics:

num_allocs_failed_limit: 0.
num_arena_births: 130.
num_arena_deaths: 0.
num_vsnodes_births: 2.
num_vsnodes_deaths: 0.
num_space_committed: 111.
num_space_uncommitted: 0.
num_chunks_returned_to_freelist: 0.
num_chunks_taken_from_freelist: 144.
num_chunk_merges: 0.
num_chunk_splits: 97.
num_chunks_enlarged: 63.
num_inconsistent_stats: 0.

CodeHeap 'non-profiled nmethods': size=120000Kb used=207Kb max_used=207Kb free=119792Kb
 bounds [0x000002392ea40000, 0x000002392ecb0000, 0x0000023935f70000]
CodeHeap 'profiled nmethods': size=120000Kb used=971Kb max_used=971Kb free=119028Kb
 bounds [0x0000023926f70000, 0x00000239271e0000, 0x000002392e4a0000]
CodeHeap 'non-nmethods': size=5760Kb used=1353Kb max_used=1367Kb free=4406Kb
 bounds [0x000002392e4a0000, 0x000002392e710000, 0x000002392ea40000]
 total_blobs=1246 nmethods=668 adapters=489
 compilation: enabled
              stopped_count=0, restarted_count=0
 full_count=0

Compilation events (20 events):
Event: 0.574 Thread 0x000002393b5c4540  617       3       java.lang.Integer::compare (20 bytes)
Event: 0.575 Thread 0x000002393b5c4540 nmethod 617 0x000002392704d490 code [0x000002392704d640, 0x000002392704d818]
Event: 0.575 Thread 0x000002393b5c4540  618       3       sun.java2d.loops.GraphicsPrimitiveMgr$1::compare (13 bytes)
Event: 0.575 Thread 0x000002393b5c4540 nmethod 618 0x000002392704d890 code [0x000002392704da60, 0x000002392704df58]
Event: 0.575 Thread 0x000002393b5c4540  621       3       sun.java2d.loops.GraphicsPrimitiveMgr$2::compare (24 bytes)
Event: 0.576 Thread 0x000002393b5c4540 nmethod 621 0x000002392704e110 code [0x000002392704e2e0, 0x000002392704e758]
Event: 0.576 Thread 0x000002393b5c4540  623       1       sun.java2d.loops.CompositeType::getSuperType (5 bytes)
Event: 0.576 Thread 0x000002393b5c4540 nmethod 623 0x000002392ea71790 code [0x000002392ea71920, 0x000002392ea719d8]
Event: 0.576 Thread 0x000002393b5c4540  624       3       java.util.Arrays::binarySearch0 (95 bytes)
Event: 0.576 Thread 0x000002393b5c4540 nmethod 624 0x000002392704e890 code [0x000002392704ea80, 0x000002392704eeb8]
Event: 0.576 Thread 0x000002393b5c4540  626       3       java.util.Arrays::binarySearch (10 bytes)
Event: 0.576 Thread 0x000002393b5c4540 nmethod 626 0x000002392704f090 code [0x000002392704f240, 0x000002392704f368]
Event: 0.576 Thread 0x000002393b5c4540  625       3       sun.java2d.loops.GraphicsPrimitiveMgr::locate (104 bytes)
Event: 0.577 Thread 0x000002393b5c4540 nmethod 625 0x000002392704f410 code [0x000002392704f660, 0x00000239270500d8]
Event: 0.577 Thread 0x000002393b5c4540  627       1       sun.java2d.loops.SurfaceType::getSuperType (5 bytes)
Event: 0.577 Thread 0x000002393b5c4540 nmethod 627 0x000002392ea71a90 code [0x000002392ea71c20, 0x000002392ea71cd8]
Event: 0.580 Thread 0x000002393b5c4540  630       3       jdk.internal.org.objectweb.asm.Frame::pop (53 bytes)
Event: 0.581 Thread 0x000002393b5c4540 nmethod 630 0x0000023927050390 code [0x00000239270505e0, 0x0000023927050d78]
Event: 0.581 Thread 0x000002393b5c4540  631       3       java.lang.invoke.MemberName::<init> (50 bytes)
Event: 0.581 Thread 0x000002393b5c4540 nmethod 631 0x0000023927051090 code [0x0000023927051280, 0x0000023927051598]

GC Heap History (0 events):
No events

Dll operation events (9 events):
Event: 0.017 Loaded shared library C:\Program Files\Java\jdk-19\bin\java.dll
Event: 0.049 Loaded shared library C:\Program Files\Java\jdk-19\bin\jsvml.dll
Event: 0.135 Loaded shared library C:\Program Files\Java\jdk-19\bin\net.dll
Event: 0.140 Loaded shared library C:\Program Files\Java\jdk-19\bin\nio.dll
Event: 0.184 Loaded shared library C:\Program Files\Java\jdk-19\bin\jimage.dll
Event: 0.206 Loaded shared library C:\Program Files\Java\jdk-19\bin\awt.dll
Event: 0.479 Loaded shared library C:\Program Files\Java\jdk-19\bin\zip.dll
Event: 0.588 Loaded shared library C:\Program Files\Java\jdk-19\bin\freetype.dll
Event: 0.591 Loaded shared library C:\Program Files\Java\jdk-19\bin\fontmanager.dll

Deoptimization events (8 events):
Event: 0.338 Thread 0x000002391d8a9370 Uncommon trap: trap_request=0xffffff45 fr.pc=0x000002392ea4fd28 relative=0x0000000000000b88
Event: 0.338 Thread 0x000002391d8a9370 Uncommon trap: reason=unstable_if action=reinterpret pc=0x000002392ea4fd28 method=java.util.HashMap.putVal(ILjava/lang/Object;Ljava/lang/Object;ZZ)Ljava/lang/Object; @ 81 c2
Event: 0.338 Thread 0x000002391d8a9370 DEOPT PACKING pc=0x000002392ea4fd28 sp=0x000000879d9fe030
Event: 0.338 Thread 0x000002391d8a9370 DEOPT UNPACKING pc=0x000002392e50a5a3 sp=0x000000879d9fdfe0 mode 2
Event: 0.518 Thread 0x000002391d8a9370 Uncommon trap: trap_request=0xffffff45 fr.pc=0x000002392ea6736c relative=0x00000000000004ac
Event: 0.518 Thread 0x000002391d8a9370 Uncommon trap: reason=unstable_if action=reinterpret pc=0x000002392ea6736c method=java.lang.StringLatin1.replace([BCC)Ljava/lang/String; @ 19 c2
Event: 0.518 Thread 0x000002391d8a9370 DEOPT PACKING pc=0x000002392ea6736c sp=0x000000879d9fe2f0
Event: 0.518 Thread 0x000002391d8a9370 DEOPT UNPACKING pc=0x000002392e50a5a3 sp=0x000000879d9fe270 mode 2

Classes loaded (20 events):
Event: 0.591 Loading class sun/font/FileFont
Event: 0.592 Loading class sun/font/PhysicalFont
Event: 0.592 Loading class sun/font/Font2D
Event: 0.592 Loading class sun/font/Font2D done
Event: 0.592 Loading class sun/font/PhysicalFont done
Event: 0.592 Loading class sun/font/FileFont done
Event: 0.592 Loading class sun/font/TrueTypeFont done
Event: 0.593 Loading class sun/font/Type1Font
Event: 0.593 Loading class sun/font/Type1Font done
Event: 0.593 Loading class java/awt/geom/Point2D$Float
Event: 0.593 Loading class java/awt/geom/Point2D$Float done
Event: 0.593 Loading class sun/font/StrikeMetrics
Event: 0.594 Loading class sun/font/StrikeMetrics done
Event: 0.594 Loading class java/awt/geom/Rectangle2D$Float
Event: 0.594 Loading class java/awt/geom/Rectangle2D$Float done
Event: 0.594 Loading class java/awt/geom/GeneralPath
Event: 0.594 Loading class java/awt/geom/GeneralPath done
Event: 0.594 Loading class sun/font/CharToGlyphMapper
Event: 0.594 Loading class sun/font/CharToGlyphMapper done
Event: 0.594 Loading class sun/font/PhysicalStrike

Classes unloaded (0 events):
No events

Classes redefined (0 events):
No events

Internal exceptions (17 events):
Event: 0.143 Thread 0x000002391d8a9370 Exception <a 'sun/nio/fs/WindowsException'{0x000000008b244e58}> (0x000000008b244e58) 
thrown [s\open\src\hotspot\share\prims\jni.cpp, line 517]
Event: 0.144 Thread 0x000002391d8a9370 Exception <a 'sun/nio/fs/WindowsException'{0x000000008b2453d8}> (0x000000008b2453d8) 
thrown [s\open\src\hotspot\share\prims\jni.cpp, line 517]
Event: 0.148 Thread 0x000002391d8a9370 Exception <a 'sun/nio/fs/WindowsException'{0x000000008b2478a0}> (0x000000008b2478a0) 
thrown [s\open\src\hotspot\share\prims\jni.cpp, line 517]
Event: 0.148 Thread 0x000002391d8a9370 Exception <a 'sun/nio/fs/WindowsException'{0x000000008b248420}> (0x000000008b248420) 
thrown [s\open\src\hotspot\share\prims\jni.cpp, line 517]
Event: 0.192 Thread 0x000002391d8a9370 Exception <a 'java/lang/ClassNotFoundException'{0x000000008b172e18}: sun/awt/resources/spi/awtProvider> (0x000000008b172e18) 
thrown [s\open\src\hotspot\share\classfile\systemDictionary.cpp, line 255]
Event: 0.219 Thread 0x000002391d8a9370 Exception <a 'java/io/FileNotFoundException'{0x000000008b1ca650}> (0x000000008b1ca650) 
thrown [s\open\src\hotspot\share\prims\jni.cpp, line 517]
Event: 0.225 Thread 0x000002391d8a9370 Exception <a 'java/io/FileNotFoundException'{0x000000008b1f6df0}> (0x000000008b1f6df0) 
thrown [s\open\src\hotspot\share\prims\jni.cpp, line 517]
Event: 0.291 Thread 0x000002391d8a9370 Exception <a 'java/lang/NoSuchMethodError'{0x000000008b03c1b8}: 'java.lang.Object java.lang.invoke.DirectMethodHandle$Holder.invokeStaticInit(java.lang.Object)'> (0x000000008b03c1b8) 
thrown [s\open\src\hotspot\share\interpreter\linkResolver.cpp, line 774]
Event: 0.340 Thread 0x000002391d8a9370 Exception <a 'java/lang/NoSuchMethodError'{0x000000008af1ad38}: 'void java.lang.invoke.DirectMethodHandle$Holder.invokeSpecial(java.lang.Object, java.lang.Object, java.lang.Object)'> (0x000000008af1ad38) 
thrown [s\open\src\hotspot\share\interpreter\linkResolver.cpp, line 774]
Event: 0.353 Thread 0x000002391d8a9370 Exception <a 'java/lang/NoSuchMethodError'{0x000000008af45848}: 'java.lang.Object java.lang.invoke.DirectMethodHandle$Holder.newInvokeSpecial(java.lang.Object, java.lang.Object, java.lang.Object, java.lang.Object, java.lang.Object)'> (0x000000008af45848) 
thrown [s\open\src\hotspot\share\interpreter\linkResolver.cpp, line 774]
Event: 0.363 Thread 0x000002391d8a9370 Exception <a 'java/lang/NoSuchMethodError'{0x000000008af77170}: 'java.lang.Object java.lang.invoke.DirectMethodHandle$Holder.invokeStatic(java.lang.Object, int, java.lang.Object)'> (0x000000008af77170) 
thrown [s\open\src\hotspot\share\interpreter\linkResolver.cpp, line 774]
Event: 0.396 Thread 0x000002391d8a9370 Exception <a 'java/lang/ClassNotFoundException'{0x000000008ae32b58}: com/sun/swing/internal/plaf/metal/resources/spi/metalProvider> (0x000000008ae32b58) 
thrown [s\open\src\hotspot\share\classfile\systemDictionary.cpp, line 255]
Event: 0.398 Thread 0x000002391d8a9370 Exception <a 'java/lang/ClassNotFoundException'{0x000000008ae36a88}: com/sun/swing/internal/plaf/basic/resources/spi/basicProvider> (0x000000008ae36a88) 
thrown [s\open\src\hotspot\share\classfile\systemDictionary.cpp, line 255]
Event: 0.412 Thread 0x000002391d8a9370 Exception <a 'java/lang/NoSuchMethodError'{0x000000008ae566f8}: 'int java.lang.invoke.Invokers$Holder.invokeExact_MT(java.lang.Object, java.lang.Object)'> (0x000000008ae566f8) 
thrown [s\open\src\hotspot\share\interpreter\linkResolver.cpp, line 774]
Event: 0.482 Thread 0x000002393e30ea90 Exception <a 'java/lang/NoSuchMethodError'{0x000000008ad01fb8}: 'java.lang.Object java.lang.invoke.DirectMethodHandle$Holder.newInvokeSpecial(java.lang.Object, java.lang.Object, java.lang.Object, int, int, int, int, int)'> (0x000000008ad01fb8) 
thrown [s\open\src\hotspot\share\interpreter\linkResolver.cpp, line 774]
Event: 0.553 Thread 0x000002393e2e29c0 Exception <a 'java/lang/NoSuchMethodError'{0x000000008b0fb500}: 'void java.lang.invoke.DirectMethodHandle$Holder.invokeVirtual(java.lang.Object, java.lang.Object)'> (0x000000008b0fb500) 
thrown [s\open\src\hotspot\share\interpreter\linkResolver.cpp, line 774]
Event: 0.580 Thread 0x000002391d8a9370 Exception <a 'java/lang/NoSuchMethodError'{0x000000008aeb5bf8}: 'void java.lang.invoke.DirectMethodHandle$Holder.invokeStaticInit(java.lang.Object)'> (0x000000008aeb5bf8) 
thrown [s\open\src\hotspot\share\interpreter\linkResolver.cpp, line 774]

VM Operations (4 events):
Event: 0.149 Executing VM operation: HandshakeAllThreads
Event: 0.149 Executing VM operation: HandshakeAllThreads done
Event: 0.452 Executing VM operation: HandshakeAllThreads
Event: 0.452 Executing VM operation: HandshakeAllThreads done

Events (17 events):
Event: 0.049 Thread 0x000002391d8a9370 Thread added: 0x000002391d8a9370
Event: 0.071 Thread 0x000002393b5b4660 Thread added: 0x000002393b5b4660
Event: 0.071 Thread 0x000002393b5b6300 Thread added: 0x000002393b5b6300
Event: 0.072 Thread 0x000002393b5b9a30 Thread added: 0x000002393b5b9a30
Event: 0.072 Thread 0x000002393b5ba650 Thread added: 0x000002393b5ba650
Event: 0.072 Thread 0x000002393b5bd080 Thread added: 0x000002393b5bd080
Event: 0.072 Thread 0x000002393b5bdaa0 Thread added: 0x000002393b5bdaa0
Event: 0.072 Thread 0x000002393b5bebc0 Thread added: 0x000002393b5bebc0
Event: 0.072 Thread 0x000002393b5c4540 Thread added: 0x000002393b5c4540
Event: 0.072 Thread 0x000002393b5c4e90 Thread added: 0x000002393b5c4e90
Event: 0.116 Thread 0x000002393df90ba0 Thread added: 0x000002393df90ba0
Event: 0.160 Thread 0x000002393e0a5710 Thread added: 0x000002393e0a5710
Event: 0.292 Thread 0x000002393e2bf340 Thread added: 0x000002393e2bf340
Event: 0.294 Thread 0x000002393e2e2350 Thread added: 0x000002393e2e2350
Event: 0.295 Thread 0x000002393e2e29c0 Thread added: 0x000002393e2e29c0
Event: 0.473 Thread 0x000002393e30ea90 Thread added: 0x000002393e30ea90
Event: 0.541 Thread 0x000002394390a4d0 Thread added: 0x000002394390a4d0


Dynamic libraries:
0x00007ff649e90000 - 0x00007ff649ea0000 	C:\Program Files\Java\jdk-19\bin\java.exe
0x00007ffb77c50000 - 0x00007ffb77e66000 	C:\Windows\SYSTEM32\ntdll.dll
0x00007ffb75eb0000 - 0x00007ffb75f74000 	C:\Windows\System32\KERNEL32.DLL
0x00007ffb74f70000 - 0x00007ffb75317000 	C:\Windows\System32\KERNELBASE.dll
0x00007ffb75320000 - 0x00007ffb75431000 	C:\Windows\System32\ucrtbase.dll
0x00007ffb5c650000 - 0x00007ffb5c66b000 	C:\Program Files\Java\jdk-19\bin\VCRUNTIME140.dll
0x00007ffb6ef50000 - 0x00007ffb6ef68000 	C:\Program Files\Java\jdk-19\bin\jli.dll
0x00007ffb75980000 - 0x00007ffb75a32000 	C:\Windows\System32\ADVAPI32.dll
0x00007ffb77b60000 - 0x00007ffb77c07000 	C:\Windows\System32\msvcrt.dll
0x00007ffb77130000 - 0x00007ffb771d8000 	C:\Windows\System32\sechost.dll
0x00007ffb757c0000 - 0x00007ffb757e8000 	C:\Windows\System32\bcrypt.dll
0x00007ffb77a40000 - 0x00007ffb77b55000 	C:\Windows\System32\RPCRT4.dll
0x00007ffb76b10000 - 0x00007ffb76cbe000 	C:\Windows\System32\USER32.dll
0x00007ffb756d0000 - 0x00007ffb756f6000 	C:\Windows\System32\win32u.dll
0x00007ffb76d20000 - 0x00007ffb76d49000 	C:\Windows\System32\GDI32.dll
0x00007ffb755b0000 - 0x00007ffb756c9000 	C:\Windows\System32\gdi32full.dll
0x00007ffb75870000 - 0x00007ffb7590a000 	C:\Windows\System32\msvcp_win.dll
0x00007ffb5fde0000 - 0x00007ffb60073000 	C:\Windows\WinSxS\amd64_microsoft.windows.common-controls_6595b64144ccf1df_6.0.22621.3235_none_270f74e173860f98\COMCTL32.dll
0x00007ffb737b0000 - 0x00007ffb737ba000 	C:\Windows\SYSTEM32\VERSION.dll
0x00007ffb770f0000 - 0x00007ffb77121000 	C:\Windows\System32\IMM32.DLL
0x00007ffb737c0000 - 0x00007ffb738b7000 	C:\Windows\system32\guard64.dll
0x00007ffb76e00000 - 0x00007ffb76fa5000 	C:\Windows\System32\ole32.dll
0x00007ffb75a40000 - 0x00007ffb75dc8000 	C:\Windows\System32\combase.dll
0x00007ffb737a0000 - 0x00007ffb737ab000 	C:\Windows\system32\fltlib.dll
0x00007ffb771e0000 - 0x00007ffb77a3c000 	C:\Windows\System32\shell32.dll
0x00007ffb76400000 - 0x00007ffb764f3000 	C:\Windows\System32\shcore.dll
0x00007ffb71b60000 - 0x00007ffb71b6c000 	C:\Program Files\Java\jdk-19\bin\vcruntime140_1.dll
0x00007ffb3ca10000 - 0x00007ffb3ca9e000 	C:\Program Files\Java\jdk-19\bin\msvcp140.dll
0x00007ffb3cc40000 - 0x00007ffb3d900000 	C:\Program Files\Java\jdk-19\bin\server\jvm.dll
0x00007ffb71aa0000 - 0x00007ffb71aa9000 	C:\Windows\SYSTEM32\WSOCK32.dll
0x00007ffb76760000 - 0x00007ffb767d1000 	C:\Windows\System32\WS2_32.dll
0x00007ffb6d210000 - 0x00007ffb6d244000 	C:\Windows\SYSTEM32\WINMM.dll
0x00007ffb73f80000 - 0x00007ffb73f98000 	C:\Windows\SYSTEM32\kernel.appcore.dll
0x00007ffb71510000 - 0x00007ffb7151a000 	C:\Program Files\Java\jdk-19\bin\jimage.dll
0x00007ffb72200000 - 0x00007ffb72433000 	C:\Windows\SYSTEM32\DBGHELP.DLL
0x00007ffb75dd0000 - 0x00007ffb75ea7000 	C:\Windows\System32\OLEAUT32.dll
0x00007ffb5c8b0000 - 0x00007ffb5c8e2000 	C:\Windows\SYSTEM32\dbgcore.DLL
0x00007ffb757f0000 - 0x00007ffb75869000 	C:\Windows\System32\bcryptPrimitives.dll
0x00007ffb3dc50000 - 0x00007ffb3dc76000 	C:\Program Files\Java\jdk-19\bin\java.dll
0x00007ffb3db70000 - 0x00007ffb3dc47000 	C:\Program Files\Java\jdk-19\bin\jsvml.dll
0x00007ffb72d80000 - 0x00007ffb73679000 	C:\Windows\SYSTEM32\windows.storage.dll
0x00007ffb72c40000 - 0x00007ffb72d7e000 	C:\Windows\SYSTEM32\wintypes.dll
0x00007ffb765e0000 - 0x00007ffb7663e000 	C:\Windows\System32\shlwapi.dll
0x00007ffb74ea0000 - 0x00007ffb74ec1000 	C:\Windows\SYSTEM32\profapi.dll
0x00007ffb5c630000 - 0x00007ffb5c643000 	C:\Program Files\Java\jdk-19\bin\net.dll
0x00007ffb6e320000 - 0x00007ffb6e456000 	C:\Windows\SYSTEM32\WINHTTP.dll
0x00007ffb743e0000 - 0x00007ffb74449000 	C:\Windows\system32\mswsock.dll
0x00007ffb595f0000 - 0x00007ffb59606000 	C:\Program Files\Java\jdk-19\bin\nio.dll
0x00007ffb3caa0000 - 0x00007ffb3cc31000 	C:\Program Files\Java\jdk-19\bin\awt.dll
0x00007ffb71d20000 - 0x00007ffb71db7000 	C:\Windows\SYSTEM32\apphelp.dll
0x00007ffb726a0000 - 0x00007ffb726cb000 	C:\Windows\system32\DWMAPI.DLL
0x00007ffb71ef0000 - 0x00007ffb71f9b000 	C:\Windows\system32\uxtheme.dll
0x00007ffb2e480000 - 0x00007ffb2e580000 	C:\Windows\system32\opengl32.dll
0x00007ffb429d0000 - 0x00007ffb429fd000 	C:\Windows\SYSTEM32\GLU32.dll
0x00007ffb71ff0000 - 0x00007ffb72029000 	C:\Windows\SYSTEM32\dxcore.dll
0x00007ffb769a0000 - 0x00007ffb76af3000 	C:\Windows\System32\MSCTF.dll
0x00007ffb3db50000 - 0x00007ffb3db68000 	C:\Program Files\Java\jdk-19\bin\zip.dll
0x00007ffb33b20000 - 0x00007ffb33ba6000 	C:\Program Files\Java\jdk-19\bin\freetype.dll
0x00007ffb1e2f0000 - 0x00007ffb1e3b6000 	C:\Program Files\Java\jdk-19\bin\fontmanager.dll

dbghelp: loaded successfully - version: 4.0.5 - missing functions: none
symbol engine: initialized successfully - sym options: 0x614 - pdb path: .;C:\Program Files\Java\jdk-19\bin;C:\Windows\SYSTEM32;C:\Windows\WinSxS\amd64_microsoft.windows.common-controls_6595b64144ccf1df_6.0.22621.3235_none_270f74e173860f98;C:\Program Files\Java\jdk-19\bin\server

VM Arguments:
jvm_args: -Dfile.encoding=UTF-8 --module-path=C:\Users\Emae D. Calonia\Documents\NetBeansProjects\LoginAndSignUp\build\classes 
java_command: loginandsignup.LoginAndSignUp
java_class_path (initial): C:\Users\Emae D. Calonia\Documents\NetBeansProjects\LoginAndSignUp\build\classes
Launcher Type: SUN_STANDARD

[Global flags]
     intx CICompilerCount                          = 4                                         {product} {ergonomic}
     uint ConcGCThreads                            = 2                                         {product} {ergonomic}
     uint G1ConcRefinementThreads                  = 8                                         {product} {ergonomic}
   size_t G1HeapRegionSize                         = 1048576                                   {product} {ergonomic}
    uintx GCDrainStackTargetSize                   = 64                                        {product} {ergonomic}
   size_t InitialHeapSize                          = 132120576                                 {product} {ergonomic}
   size_t MarkStackSize                            = 4194304                                   {product} {ergonomic}
   size_t MaxHeapSize                              = 2090860544                                {product} {ergonomic}
   size_t MaxNewSize                               = 1254096896                                {product} {ergonomic}
   size_t MinHeapDeltaBytes                        = 1048576                                   {product} {ergonomic}
   size_t MinHeapSize                              = 8388608                                   {product} {ergonomic}
    uintx NonNMethodCodeHeapSize                   = 5839372                                {pd product} {ergonomic}
    uintx NonProfiledCodeHeapSize                  = 122909434                              {pd product} {ergonomic}
    uintx ProfiledCodeHeapSize                     = 122909434                              {pd product} {ergonomic}
    uintx ReservedCodeCacheSize                    = 251658240                              {pd product} {ergonomic}
     bool SegmentedCodeCache                       = true                                      {product} {ergonomic}
   size_t SoftMaxHeapSize                          = 2090860544                             {manageable} {ergonomic}
     bool UseCompressedClassPointers               = true                           {product lp64_product} {ergonomic}
     bool UseCompressedOops                        = true                           {product lp64_product} {ergonomic}
     bool UseG1GC                                  = true                                      {product} {ergonomic}
     bool UseLargePagesIndividualAllocation        = false                                  {pd product} {ergonomic}

Logging:
Log output configuration:
 #0: stdout all=warning uptime,level,tags foldmultilines=false
 #1: stderr all=off uptime,level,tags foldmultilines=false

Environment Variables:
JAVA_HOME=C:\Program Files\Java\jdk-19
PATH=C:\Program Files\Common Files\Oracle\Java\javapath;C:\Windows\System32\HWAudioDriverLibs;C:\Windows\system32;C:\Windows;C:\Windows\System32\Wbem;C:\Windows\System32\WindowsPowerShell\v1.0\;C:\Windows\System32\OpenSSH\;C:\Users\Administrator\AppData\Local\Microsoft\WindowsApps;C:\Program Files (x86)\Skype\Phone\;C:\Program Files\CodeBlocks\MinGW\bin;C:\Program Files\Java\jdk-19\bin;D:\Git\Git\cmd;C:\Users\Emae D. Calonia\AppData\Local\Microsoft\WindowsApps;C:\Users\Emae D. Calonia\AppData\Local\Programs\Microsoft VS Code\bin;C:\Windows\SysWOW64;C:\Users\Emae D. Calonia\AppData\Local\GitHubDesktop\bin
USERNAME=Emae D. Calonia
OS=Windows_NT
PROCESSOR_IDENTIFIER=Intel64 Family 6 Model 140 Stepping 2, GenuineIntel
TMP=C:\Users\EMAED~1.CAL\AppData\Local\Temp
TEMP=C:\Users\EMAED~1.CAL\AppData\Local\Temp



---------------  S Y S T E M  ---------------

OS:
 Windows 11 , 64 bit Build 22621 (10.0.22621.3374)
OS uptime: 0 days 15:25 hours
Hyper-V role detected

CPU: total 8 (initial active 8) (4 cores per cpu, 2 threads per core) family 6 model 140 stepping 2 microcode 0x16, cx8, cmov, fxsr, ht, mmx, 3dnowpref, sse, sse2, sse3, ssse3, sse4.1, sse4.2, popcnt, lzcnt, tsc, tscinvbit, avx, avx2, aes, erms, clmul, bmi1, bmi2, adx, avx512f, avx512dq, avx512cd, avx512bw, avx512vl, sha, fma, vzeroupper, avx512_vpopcntdq, avx512_vpclmulqdq, avx512_vaes, avx512_vnni, clflush, clflushopt, clwb, avx512_vbmi2, avx512_vbmi, hv, rdtscp, rdpid, fsrm, gfni, avx512_bitalg

Memory: 4k page, system-wide physical 7975M (402M free)
TotalPageFile size 16167M (AvailPageFile size 4M)
current process WorkingSet (physical memory assigned to process): 59M, peak: 59M
current process commit charge ("private bytes"): 225M, peak: 225M

vm_info: Java HotSpot(TM) 64-Bit Server VM (19.0.2+7-44) for windows-amd64 JRE (19.0.2+7-44), built on 2022-11-30T18:02:09Z by "mach5one" with MS VC++ 17.1 (VS2022)

END.
